[0m17:36:17.953025 [debug] [MainThread]: Sending event: {'category': 'dbt', 'action': 'invocation', 'label': 'start', 'context': [<snowplow_tracker.self_describing_json.SelfDescribingJson object at 0x7f3cd0553710>, <snowplow_tracker.self_describing_json.SelfDescribingJson object at 0x7f3cd05354d0>, <snowplow_tracker.self_describing_json.SelfDescribingJson object at 0x7f3cd08a9b90>]}


============================== 17:36:17.957289 | f695fde5-409d-42fc-a50b-cbcb87582b83 ==============================
[0m17:36:17.957289 [info ] [MainThread]: Running with dbt=1.8.4
[0m17:36:17.958107 [debug] [MainThread]: running dbt with arguments {'printer_width': '80', 'indirect_selection': 'eager', 'write_json': 'True', 'log_cache_events': 'False', 'partial_parse': 'True', 'cache_selected_only': 'False', 'profiles_dir': '/home/nathanzhang/.dbt', 'fail_fast': 'False', 'debug': 'False', 'log_path': 'logs', 'warn_error': 'None', 'version_check': 'True', 'use_colors': 'True', 'use_experimental_parser': 'False', 'empty': 'None', 'quiet': 'False', 'no_print': 'None', 'log_format': 'default', 'introspect': 'True', 'invocation_command': 'dbt init jaffle_sho', 'warn_error_options': 'WarnErrorOptions(include=[], exclude=[])', 'target_path': 'None', 'static_parser': 'True', 'send_anonymous_usage_stats': 'True'}
[0m17:36:17.971399 [warn ] [MainThread]: [ConfigFolderDirectory]: Unable to parse dict {'dir': PosixPath('/home/nathanzhang/.dbt')}
[0m17:36:17.972079 [info ] [MainThread]: Creating dbt configuration folder at 
[0m17:36:17.974318 [debug] [MainThread]: Starter project path: /home/nathanzhang/.local/pipx/venvs/dbt-core/lib/python3.11/site-packages/dbt/include/starter_project
[0m17:36:17.978192 [info ] [MainThread]: 
Your new dbt project "jaffle_sho" was created!

For more information on how to configure the profiles.yml file,
please consult the dbt documentation here:

  https://docs.getdbt.com/docs/configure-your-profile

One more thing:

Need help? Don't hesitate to reach out to us via GitHub issues or on Slack:

  https://community.getdbt.com/

Happy modeling!

[0m17:36:17.978754 [info ] [MainThread]: Setting up your profile.
[0m17:36:17.979595 [error] [MainThread]: Encountered an error:
Runtime Error
  No adapters available. Learn how to install an adapter by going to https://docs.getdbt.com/docs/connect-adapters#install-using-the-cli
[0m17:36:17.980690 [debug] [MainThread]: Resource report: {"command_name": "init", "command_wall_clock_time": 0.08518776, "process_user_time": 1.513093, "process_kernel_time": 0.1557, "process_mem_max_rss": "89024", "process_out_blocks": "64", "command_success": false, "process_in_blocks": "0"}
[0m17:36:17.981335 [debug] [MainThread]: Command `dbt init` failed at 17:36:17.981204 after 0.09 seconds
[0m17:36:17.981835 [debug] [MainThread]: Sending event: {'category': 'dbt', 'action': 'invocation', 'label': 'end', 'context': [<snowplow_tracker.self_describing_json.SelfDescribingJson object at 0x7f3cd08aa490>, <snowplow_tracker.self_describing_json.SelfDescribingJson object at 0x7f3cd0506ed0>, <snowplow_tracker.self_describing_json.SelfDescribingJson object at 0x7f3cd0506550>]}
[0m17:36:17.982333 [debug] [MainThread]: Flushing usage events
[0m17:36:25.280878 [debug] [MainThread]: Sending event: {'category': 'dbt', 'action': 'invocation', 'label': 'start', 'context': [<snowplow_tracker.self_describing_json.SelfDescribingJson object at 0x7ff1c3bd7010>, <snowplow_tracker.self_describing_json.SelfDescribingJson object at 0x7ff1c3b84750>, <snowplow_tracker.self_describing_json.SelfDescribingJson object at 0x7ff1c3f21b90>]}


============================== 17:36:25.284571 | 9f0a9473-bc2a-41cf-a1c2-51c35376ca98 ==============================
[0m17:36:25.284571 [info ] [MainThread]: Running with dbt=1.8.4
[0m17:36:25.285244 [debug] [MainThread]: running dbt with arguments {'printer_width': '80', 'indirect_selection': 'eager', 'log_cache_events': 'False', 'write_json': 'True', 'partial_parse': 'True', 'cache_selected_only': 'False', 'warn_error': 'None', 'fail_fast': 'False', 'profiles_dir': '/home/nathanzhang/.dbt', 'log_path': 'logs', 'debug': 'False', 'version_check': 'True', 'use_colors': 'True', 'use_experimental_parser': 'False', 'no_print': 'None', 'quiet': 'False', 'empty': 'None', 'warn_error_options': 'WarnErrorOptions(include=[], exclude=[])', 'introspect': 'True', 'invocation_command': 'dbt init jaffle_shop', 'log_format': 'default', 'target_path': 'None', 'static_parser': 'True', 'send_anonymous_usage_stats': 'True'}
[0m17:36:25.296279 [debug] [MainThread]: Starter project path: /home/nathanzhang/.local/pipx/venvs/dbt-core/lib/python3.11/site-packages/dbt/include/starter_project
[0m17:36:25.299791 [info ] [MainThread]: 
Your new dbt project "jaffle_shop" was created!

For more information on how to configure the profiles.yml file,
please consult the dbt documentation here:

  https://docs.getdbt.com/docs/configure-your-profile

One more thing:

Need help? Don't hesitate to reach out to us via GitHub issues or on Slack:

  https://community.getdbt.com/

Happy modeling!

[0m17:36:25.300269 [info ] [MainThread]: Setting up your profile.
[0m17:36:25.301047 [error] [MainThread]: Encountered an error:
Runtime Error
  No adapters available. Learn how to install an adapter by going to https://docs.getdbt.com/docs/connect-adapters#install-using-the-cli
[0m17:36:25.302134 [debug] [MainThread]: Resource report: {"command_name": "init", "command_wall_clock_time": 0.07656495, "process_user_time": 1.499915, "process_kernel_time": 0.155576, "process_mem_max_rss": "88980", "process_out_blocks": "72", "command_success": false, "process_in_blocks": "0"}
[0m17:36:25.302785 [debug] [MainThread]: Command `dbt init` failed at 17:36:25.302656 after 0.08 seconds
[0m17:36:25.303240 [debug] [MainThread]: Sending event: {'category': 'dbt', 'action': 'invocation', 'label': 'end', 'context': [<snowplow_tracker.self_describing_json.SelfDescribingJson object at 0x7ff1c3b863d0>, <snowplow_tracker.self_describing_json.SelfDescribingJson object at 0x7ff1c3a5ab50>, <snowplow_tracker.self_describing_json.SelfDescribingJson object at 0x7ff1c3bd4d10>]}
[0m17:36:25.303668 [debug] [MainThread]: Flushing usage events
